<?xml version="1.0" encoding="UTF-8"?>
<testsuite name="model.BonusTest" tests="1" skipped="0" failures="0" errors="0" timestamp="2023-12-06T16:50:24" hostname="eduroam-prg-gm-1-2-133.net.univ-paris-diderot.fr" time="0.026">
  <properties/>
  <testcase name="testManger()" classname="model.BonusTest" time="0.026"/>
  <system-out><![CDATA[]]></system-out>
  <system-err><![CDATA[]]></system-err>
</testsuite>
